Yosys 0.64+post (git sha1 UNKNOWN-dirty, g++ 11.4.0-1ubuntu1~22.04.3 -fPIC -O3)
Using ABC speed script.
Extracting clock period from SDC file: ./results/asap7/tiny_gpu/600mhz_run/clock_period.txt
Setting clock period to 1666.66
1. Executing Liberty frontend: /OpenROAD-flow-scripts/flow/platforms/asap7/lib/NLDM/asap7sc7p5t_AO_RVT_FF_nldm_211120.lib.gz
2. Executing Liberty frontend: /OpenROAD-flow-scripts/flow/platforms/asap7/lib/NLDM/asap7sc7p5t_INVBUF_RVT_FF_nldm_220122.lib.gz
3. Executing Liberty frontend: /OpenROAD-flow-scripts/flow/platforms/asap7/lib/NLDM/asap7sc7p5t_OA_RVT_FF_nldm_211120.lib.gz
4. Executing Liberty frontend: /OpenROAD-flow-scripts/flow/platforms/asap7/lib/NLDM/asap7sc7p5t_SIMPLE_RVT_FF_nldm_211120.lib.gz
5. Executing Liberty frontend: /OpenROAD-flow-scripts/flow/platforms/asap7/lib/NLDM/asap7sc7p5t_SEQ_RVT_FF_nldm_220123.lib
6. Executing Liberty frontend: /OpenROAD-flow-scripts/flow/platforms/asap7/lib/NLDM/asap7sc7p5t_AO_RVT_FF_nldm_211120.lib.gz
7. Executing Liberty frontend: /OpenROAD-flow-scripts/flow/platforms/asap7/lib/NLDM/asap7sc7p5t_INVBUF_RVT_FF_nldm_220122.lib.gz
8. Executing Liberty frontend: /OpenROAD-flow-scripts/flow/platforms/asap7/lib/NLDM/asap7sc7p5t_OA_RVT_FF_nldm_211120.lib.gz
9. Executing Liberty frontend: /OpenROAD-flow-scripts/flow/platforms/asap7/lib/NLDM/asap7sc7p5t_SIMPLE_RVT_FF_nldm_211120.lib.gz
10. Executing Liberty frontend: /OpenROAD-flow-scripts/flow/platforms/asap7/lib/NLDM/asap7sc7p5t_SEQ_RVT_FF_nldm_220123.lib
11. Executing Verilog-2005 frontend: /OpenROAD-flow-scripts/flow/designs/src/tiny_gpu/alu.v
12. Executing Verilog-2005 frontend: /OpenROAD-flow-scripts/flow/designs/src/tiny_gpu/controller.v
13. Executing Verilog-2005 frontend: /OpenROAD-flow-scripts/flow/designs/src/tiny_gpu/core.v
14. Executing Verilog-2005 frontend: /OpenROAD-flow-scripts/flow/designs/src/tiny_gpu/dcr.v
15. Executing Verilog-2005 frontend: /OpenROAD-flow-scripts/flow/designs/src/tiny_gpu/decoder.v
16. Executing Verilog-2005 frontend: /OpenROAD-flow-scripts/flow/designs/src/tiny_gpu/dispatch.v
17. Executing Verilog-2005 frontend: /OpenROAD-flow-scripts/flow/designs/src/tiny_gpu/fetcher.v
18. Executing Verilog-2005 frontend: /OpenROAD-flow-scripts/flow/designs/src/tiny_gpu/gpu.v
19. Executing Verilog-2005 frontend: /OpenROAD-flow-scripts/flow/designs/src/tiny_gpu/lsu.v
20. Executing Verilog-2005 frontend: /OpenROAD-flow-scripts/flow/designs/src/tiny_gpu/pc.v
21. Executing Verilog-2005 frontend: /OpenROAD-flow-scripts/flow/designs/src/tiny_gpu/registers.v
22. Executing Verilog-2005 frontend: /OpenROAD-flow-scripts/flow/designs/src/tiny_gpu/scheduler.v
23. Executing Verilog-2005 frontend: /OpenROAD-flow-scripts/flow/platforms/asap7/yoSys/cells_clkgate_R.v
24. Executing HIERARCHY pass (managing design hierarchy).
25. Executing AST frontend in derive mode using pre-parsed AST for module `\gpu'.
25.1. Analyzing design hierarchy..
25.2. Executing AST frontend in derive mode using pre-parsed AST for module `\core'.
Warning: Replacing memory \rt with list of registers. See /OpenROAD-flow-scripts/flow/designs/src/tiny_gpu/core.v:210
Warning: Replacing memory \rs with list of registers. See /OpenROAD-flow-scripts/flow/designs/src/tiny_gpu/core.v:208
Warning: Replacing memory \lsu_out with list of registers. See /OpenROAD-flow-scripts/flow/designs/src/tiny_gpu/core.v:186
25.3. Executing AST frontend in derive mode using pre-parsed AST for module `\dispatch'.
25.4. Executing AST frontend in derive mode using pre-parsed AST for module `\controller'.
25.5. Executing AST frontend in derive mode using pre-parsed AST for module `\controller'.
25.6. Executing AST frontend in derive mode using pre-parsed AST for module `\dcr'.
25.7. Analyzing design hierarchy..
25.8. Executing AST frontend in derive mode using pre-parsed AST for module `\pc'.
25.9. Executing AST frontend in derive mode using pre-parsed AST for module `\registers'.
25.10. Executing AST frontend in derive mode using pre-parsed AST for module `\lsu'.
25.11. Executing AST frontend in derive mode using pre-parsed AST for module `\alu'.
25.12. Executing AST frontend in derive mode using pre-parsed AST for module `\registers'.
25.13. Executing AST frontend in derive mode using pre-parsed AST for module `\registers'.
25.14. Executing AST frontend in derive mode using pre-parsed AST for module `\registers'.
25.15. Executing AST frontend in derive mode using pre-parsed AST for module `\scheduler'.
25.16. Executing AST frontend in derive mode using pre-parsed AST for module `\decoder'.
25.17. Executing AST frontend in derive mode using pre-parsed AST for module `\fetcher'.
25.18. Analyzing design hierarchy..
25.19. Analyzing design hierarchy..
25.20. Analyzing design hierarchy..
26. Executing OPT_CLEAN pass (remove unused cells and wires).
Warning: Ignoring module $paramod$1d3a6f88b62c518d746003f95a2de9f75cea168d\dispatch because it contains processes (run 'proc' command first).
Warning: Ignoring module $paramod$beb00772bac1a1e06ce8ff4195cf7b0af620cd82\fetcher because it contains processes (run 'proc' command first).
Warning: Ignoring module gpu because it contains processes (run 'proc' command first).
Warning: Ignoring module $paramod$787a5da62fabe7841ceed3cf3518dd70b3e7c326\core because it contains processes (run 'proc' command first).
Warning: Ignoring module decoder because it contains processes (run 'proc' command first).
Warning: Ignoring module $paramod\scheduler\THREADS_PER_BLOCK=s32'00000000000000000000000000000100 because it contains processes (run 'proc' command first).
Warning: Ignoring module $paramod$c5a88488bedb7a9c9866110c9eda41ee27775c76\registers because it contains processes (run 'proc' command first).
Warning: Ignoring module $paramod$d08f185179db4eb8eac8d58da9007fec10c7c29b\registers because it contains processes (run 'proc' command first).
Warning: Ignoring module $paramod$a747760de5c733b6f88bb63119f261e23521a1b9\registers because it contains processes (run 'proc' command first).
Warning: Ignoring module alu because it contains processes (run 'proc' command first).
Warning: Ignoring module lsu because it contains processes (run 'proc' command first).
Warning: Ignoring module $paramod$570077e6b96415b4d92362103cebadbad9f2b201\registers because it contains processes (run 'proc' command first).
Warning: Ignoring module $paramod$443b7d7e6fa51b4925ad1f73d225e8bfd7dc6c37\pc because it contains processes (run 'proc' command first).
Warning: Ignoring module dcr because it contains processes (run 'proc' command first).
Warning: Ignoring module $paramod$f1597861ff71955b0f1895f6d4e143e06dc92d86\controller because it contains processes (run 'proc' command first).
Warning: Ignoring module $paramod$5f277c1c8aff31dc81bdf61b394b83851a8296e0\controller because it contains processes (run 'proc' command first).
27. Executing RTLIL backend.
Warnings: 19 unique messages, 22 total
End of script. Logfile hash: 6182d1658f, time: 0.85s, user: 0.80s, system: 0.03s, MEM: 76.75 MB peak
Yosys 0.64+post (git sha1 UNKNOWN-dirty, g++ 11.4.0-1ubuntu1~22.04.3 -fPIC -O3)
Time spent: 83% 12x read_liberty (0 sec), 12% 1x hierarchy (0 sec), ...
Elapsed time: 0:00.86[h:]min:sec. CPU time: user 0.82 sys 0.04 (99%). Peak memory: 82560KB.
Log                       Ext     Elapsed/s Peak Memory/MB sha1sum result [0:20)
1_1_yosys_canonicalize    .rtlil          0             80 5d101ec45312fed5a679
